2023-08-23 01:10:11,645 - kedro.framework.session.session - INFO - Kedro project minimal-kedro
2023-08-23 01:10:11,655 - py.warnings - WARNING - /Users/Nok_Lam_Chan/GitHub/kedro/kedro/framework/session/session.py:266: FutureWarning: ConfigLoader will be deprecated in Kedro 0.19. Please use the OmegaConfigLoader instead. To consult the documentation for OmegaConfigLoader, see here: https://docs.kedro.org/en/stable/configuration/advanced_configuration.html#omegaconfigloader
  warnings.warn(

2023-08-23 01:10:11,679 - py.warnings - WARNING - /Users/Nok_Lam_Chan/GitHub/kedro/kedro/config/common.py:216: UserWarning: Duplicate environment detected! Skipping re-loading from configuration path: /Users/Nok_Lam_Chan/tmp/minimal-kedro
  warn(

2023-08-23 01:10:11,725 - kedro.io.data_catalog - INFO - Loading data from 'example_iris_data' (CSVDataSet)...
2023-08-23 01:10:11,747 - kedro.io.data_catalog - INFO - Loading data from 'parameters' (MemoryDataset)...
2023-08-23 01:10:11,757 - kedro.pipeline.node - INFO - Running node: split: split_data([example_iris_data,parameters]) -> [X_train,X_test,y_train,y_test]
2023-08-23 01:10:11,795 - kedro.io.data_catalog - INFO - Saving data to 'X_train' (MemoryDataset)...
2023-08-23 01:10:11,813 - kedro.io.data_catalog - INFO - Saving data to 'X_test' (MemoryDataset)...
2023-08-23 01:10:11,826 - kedro.io.data_catalog - INFO - Saving data to 'y_train' (MemoryDataset)...
2023-08-23 01:10:11,828 - kedro.io.data_catalog - INFO - Saving data to 'y_test' (MemoryDataset)...
2023-08-23 01:10:11,830 - kedro.runner.sequential_runner - INFO - Completed 1 out of 3 tasks
2023-08-23 01:10:11,832 - kedro.io.data_catalog - INFO - Loading data from 'X_train' (MemoryDataset)...
2023-08-23 01:10:11,842 - kedro.io.data_catalog - INFO - Loading data from 'X_test' (MemoryDataset)...
2023-08-23 01:10:11,853 - kedro.io.data_catalog - INFO - Loading data from 'y_train' (MemoryDataset)...
2023-08-23 01:10:11,875 - kedro.pipeline.node - INFO - Running node: make_predictions: make_predictions([X_train,X_test,y_train]) -> [y_pred]
2023-08-23 01:10:11,895 - kedro.io.data_catalog - INFO - Saving data to 'y_pred' (MemoryDataset)...
2023-08-23 01:10:11,897 - kedro.runner.sequential_runner - INFO - Completed 2 out of 3 tasks
2023-08-23 01:10:11,898 - kedro.io.data_catalog - INFO - Loading data from 'y_pred' (MemoryDataset)...
2023-08-23 01:10:11,901 - kedro.io.data_catalog - INFO - Loading data from 'y_test' (MemoryDataset)...
2023-08-23 01:10:11,904 - kedro.pipeline.node - INFO - Running node: report_accuracy: report_accuracy([y_pred,y_test]) -> None
2023-08-23 01:10:11,906 - minimal_kedro.pipeline - INFO - Model has accuracy of 0.933 on test data.
2023-08-23 01:10:11,909 - kedro.runner.sequential_runner - INFO - Completed 3 out of 3 tasks
2023-08-23 01:10:11,911 - kedro.runner.sequential_runner - INFO - Pipeline execution completed successfully.
